Arguments: 
  /home/will/.nvm/versions/node/v12.18.3/bin/node /home/will/.nvm/versions/node/v12.18.3/bin/yarn dev

PATH: 
  /home/will/.nvm/versions/node/v12.18.3/bin:/home/will/anaconda3/bin:/home/will/flutter-dev/flutter/bin:/home/will/flutter-dev/android-studio/bin:/home/will/Android/Sdk/platform-tools:/home/will/julia-1.3.0/bin:/home/will/.fzf/bin:/home/will/.poetry/bin:/home/will/.cargo/bin:/home/will/.local/bin:/home/will/bin:/usr/local/sbin:/usr/local/bin:/usr/sbin:/usr/bin:/sbin:/bin:/usr/games:/usr/local/games:/snap/bin:/home/will/mycroft-core/bin:/opt/mssql-tools/bin

Yarn version: 
  1.22.5

Node version: 
  12.18.3

Platform: 
  linux x64

Trace: 
  SyntaxError: /home/will/tydoc/mono/package.json: Unexpected string in JSON at position 164
      at JSON.parse (<anonymous>)
      at /home/will/.nvm/versions/node/v12.18.3/lib/node_modules/yarn/lib/cli.js:1625:59
      at Generator.next (<anonymous>)
      at step (/home/will/.nvm/versions/node/v12.18.3/lib/node_modules/yarn/lib/cli.js:310:30)
      at /home/will/.nvm/versions/node/v12.18.3/lib/node_modules/yarn/lib/cli.js:321:13

npm manifest: 
  {
    "name": "mono",
    "version": "1.0.0",
    "main": "index.js",
    "scripts": {
      "preinstall": "npx only-allow pnpm",
      "dev": "pnpm run dev --parallel -r"
      "test": "echo \"Error: no test specified\" && exit 1"
    },
    "devDependencies": {
      "ts-node": "9.0.0",
      "typescript": "4.1.2"
    },
    "author": "",
    "license": "ISC",
    "description": ""
  }

yarn manifest: 
  No manifest

Lockfile: 
  No lockfile
